<?xml version="1.0" encoding="UTF-8"?>
<robot generator="Robot 6.1.1 (Python 3.11.5 on win32)" generated="20230906 10:43:10.047" rpa="false" schemaversion="4">
<suite id="s1" name="Projeto Robot" source="C:\projeto_robot">
<suite id="s1-s1" name="Testes" source="C:\projeto_robot\testes">
<suite id="s1-s1-s1" name="Preenchimento Incorreto" source="C:\projeto_robot\testes\preenchimento_incorreto.robot">
<test id="s1-s1-s1-t1" name="Veririficar se quando um campo obrigatório não for preenchido corretamente o sistema exibe a mensagem de campo obrigatório" line="7">
<kw name="Como usuario eu acesso o Organo" library="setup_teardown" type="SETUP">
<kw name="Open Browser" library="SeleniumLibrary">
<arg>url=http://localhost:3000/</arg>
<arg>browser=Chrome</arg>
<doc>Opens a new browser instance to the optional ``url``.</doc>
<msg timestamp="20230906 10:43:10.703" level="INFO">Opening browser 'Chrome' to base url 'http://localhost:3000/'.</msg>
<status status="PASS" starttime="20230906 10:43:10.703" endtime="20230906 10:43:15.566"/>
</kw>
<status status="PASS" starttime="20230906 10:43:10.702" endtime="20230906 10:43:15.566"/>
</kw>
<kw name="Dado que não preencho os campos do furmulário corretamente" library="cadastro">
<kw name="Element Should Be Visible" library="SeleniumLibrary">
<arg>${BOTAO_CARD}</arg>
<doc>Verifies that the element identified by ``locator`` is visible.</doc>
<msg timestamp="20230906 10:43:15.608" level="INFO">Element 'id:form-botao' is displayed.</msg>
<status status="PASS" starttime="20230906 10:43:15.568" endtime="20230906 10:43:15.609"/>
</kw>
<status status="PASS" starttime="20230906 10:43:15.567" endtime="20230906 10:43:15.609"/>
</kw>
<kw name="Quando eu clico no botão &quot;Criar Card&quot;" library="cadastro">
<kw name="Click Element" library="SeleniumLibrary">
<arg>${BOTAO_CARD}</arg>
<doc>Click the element identified by ``locator``.</doc>
<msg timestamp="20230906 10:43:15.611" level="INFO">Clicking element 'id:form-botao'.</msg>
<status status="PASS" starttime="20230906 10:43:15.610" endtime="20230906 10:43:15.682"/>
</kw>
<status status="PASS" starttime="20230906 10:43:15.610" endtime="20230906 10:43:15.682"/>
</kw>
<kw name="Então o sistema deve exibir a mensagem de campo obrigatório" library="cadastro">
<kw name="Element Should Be Visible" library="SeleniumLibrary">
<arg>${MSG_ERRO_NOME}</arg>
<doc>Verifies that the element identified by ``locator`` is visible.</doc>
<msg timestamp="20230906 10:43:15.711" level="INFO">Element 'id:form-nome-erro' is displayed.</msg>
<status status="PASS" starttime="20230906 10:43:15.683" endtime="20230906 10:43:15.711"/>
</kw>
<kw name="Element Should Be Visible" library="SeleniumLibrary">
<arg>${MSG_ERRO_CARGO}</arg>
<doc>Verifies that the element identified by ``locator`` is visible.</doc>
<msg timestamp="20230906 10:43:15.731" level="INFO">Element 'id:form-cargo-erro' is displayed.</msg>
<status status="PASS" starttime="20230906 10:43:15.711" endtime="20230906 10:43:15.731"/>
</kw>
<kw name="Element Should Be Visible" library="SeleniumLibrary">
<arg>${MSG_ERRO_TIME}</arg>
<doc>Verifies that the element identified by ``locator`` is visible.</doc>
<msg timestamp="20230906 10:43:15.751" level="INFO">Element 'id:form-times-erro' is displayed.</msg>
<status status="PASS" starttime="20230906 10:43:15.732" endtime="20230906 10:43:15.751"/>
</kw>
<status status="PASS" starttime="20230906 10:43:15.683" endtime="20230906 10:43:15.751"/>
</kw>
<kw name="Fechar o navegador" library="setup_teardown" type="TEARDOWN">
<kw name="Close Browser" library="SeleniumLibrary">
<doc>Closes the current browser.</doc>
<status status="PASS" starttime="20230906 10:43:15.753" endtime="20230906 10:43:17.959"/>
</kw>
<status status="PASS" starttime="20230906 10:43:15.752" endtime="20230906 10:43:17.959"/>
</kw>
<status status="PASS" starttime="20230906 10:43:10.701" endtime="20230906 10:43:17.960"/>
</test>
<status status="PASS" starttime="20230906 10:43:10.079" endtime="20230906 10:43:17.962"/>
</suite>
<status status="PASS" starttime="20230906 10:43:10.075" endtime="20230906 10:43:17.964"/>
</suite>
<status status="PASS" starttime="20230906 10:43:10.052" endtime="20230906 10:43:17.966"/>
</suite>
<statistics>
<total>
<stat pass="1" fail="0" skip="0">All Tests</stat>
</total>
<tag>
</tag>
<suite>
<stat pass="1" fail="0" skip="0" id="s1" name="Projeto Robot">Projeto Robot</stat>
<stat pass="1" fail="0" skip="0" id="s1-s1" name="Testes">Projeto Robot.Testes</stat>
<stat pass="1" fail="0" skip="0" id="s1-s1-s1" name="Preenchimento Incorreto">Projeto Robot.Testes.Preenchimento Incorreto</stat>
</suite>
</statistics>
<errors>
</errors>
</robot>
